E:\VSPROJECTS\CUDA\SHAREDMEMBITMAPINCORRECT\DEBUG\SHAREDMEMBITMAPINCORRECT.EXE
E:\VSPROJECTS\CUDA\SHAREDMEMBITMAPINCORRECT\DEBUG\SHAREDMEMBITMAPINCORRECT.ILK
E:\VSPROJECTS\CUDA\SHAREDMEMBITMAPINCORRECT\DEBUG\SHAREDMEMBITMAPINCORRECT.PDB
E:\VSProjects\CUDA\SharedMemBitmapIncorrect\SharedMemBitmapIncorrect\Debug\kernel.cu.cache
E:\VSProjects\CUDA\SharedMemBitmapIncorrect\SharedMemBitmapIncorrect\Debug\kernel.cu.obj
E:\VSProjects\CUDA\SharedMemBitmapIncorrect\SharedMemBitmapIncorrect\Debug\link.6780.read.1.tlog
E:\VSProjects\CUDA\SharedMemBitmapIncorrect\SharedMemBitmapIncorrect\Debug\link.6780.write.1.tlog
E:\VSProjects\CUDA\SharedMemBitmapIncorrect\SharedMemBitmapIncorrect\Debug\link.6780-cvtres.read.1.tlog
E:\VSProjects\CUDA\SharedMemBitmapIncorrect\SharedMemBitmapIncorrect\Debug\link.6780-cvtres.write.1.tlog
E:\VSProjects\CUDA\SharedMemBitmapIncorrect\SharedMemBitmapIncorrect\Debug\link.command.1.tlog
E:\VSProjects\CUDA\SharedMemBitmapIncorrect\SharedMemBitmapIncorrect\Debug\link.read.1.tlog
E:\VSProjects\CUDA\SharedMemBitmapIncorrect\SharedMemBitmapIncorrect\Debug\link.write.1.tlog
E:\VSProjects\CUDA\SharedMemBitmapIncorrect\SharedMemBitmapIncorrect\Debug\link-cvtres.read.1.tlog
E:\VSProjects\CUDA\SharedMemBitmapIncorrect\SharedMemBitmapIncorrect\Debug\link-cvtres.write.1.tlog
E:\VSProjects\CUDA\SharedMemBitmapIncorrect\SharedMemBitmapIncorrect\Debug\mt.command.1.tlog
E:\VSProjects\CUDA\SharedMemBitmapIncorrect\SharedMemBitmapIncorrect\Debug\mt.read.1.tlog
E:\VSProjects\CUDA\SharedMemBitmapIncorrect\SharedMemBitmapIncorrect\Debug\mt.write.1.tlog
E:\VSProjects\CUDA\SharedMemBitmapIncorrect\SharedMemBitmapIncorrect\Debug\rc.command.1.tlog
E:\VSProjects\CUDA\SharedMemBitmapIncorrect\SharedMemBitmapIncorrect\Debug\rc.read.1.tlog
E:\VSProjects\CUDA\SharedMemBitmapIncorrect\SharedMemBitmapIncorrect\Debug\rc.write.1.tlog
E:\VSPROJECTS\CUDA\SHAREDMEMBITMAPINCORRECT\SHAREDMEMBITMAPINCORRECT\DEBUG\SHAREDMEMBITMAPINCORRECT.EXE.EMBED.MANIFEST
E:\VSPROJECTS\CUDA\SHAREDMEMBITMAPINCORRECT\SHAREDMEMBITMAPINCORRECT\DEBUG\SHAREDMEMBITMAPINCORRECT.EXE.EMBED.MANIFEST.RES
E:\VSPROJECTS\CUDA\SHAREDMEMBITMAPINCORRECT\SHAREDMEMBITMAPINCORRECT\DEBUG\SHAREDMEMBITMAPINCORRECT.EXE.INTERMEDIATE.MANIFEST
E:\VSProjects\CUDA\SharedMemBitmapIncorrect\SharedMemBitmapIncorrect\Debug\SharedMemBitmapIncorrect_manifest.rc
